<?xml version="1.0" encoding="UTF-8"?>
<testsuite name="ru.grach.ApplicationTest" tests="1" skipped="0" failures="0" errors="0" timestamp="2022-09-20T12:53:08" hostname="DESKTOP-H6TSP0T" time="1.151">
  <properties/>
  <testcase name="testRoot" classname="ru.grach.ApplicationTest" time="1.151"/>
  <system-out><![CDATA[2022-09-20 15:53:09.492 [DefaultDispatcher-worker-1 @call-context#2] DEBUG ktor.test - Java Home: C:\Users\kiril\.jdks
2022-09-20 15:53:09.498 [DefaultDispatcher-worker-1 @call-context#2] DEBUG ktor.test - Class Loader: jdk.internal.loader.ClassLoaders$AppClassLoader@2a139a55: [/D:/IDEA_PROJECTS/backend/grach-backend-cop/build/classes/kotlin/test/ru, /D:/IDEA_PROJECTS/backend/grach-backend-cop/build/classes/kotlin/main/ru, file:/C:/Users/kiril/.gradle/caches/modules-2/files-2.1/ch.qos.logback/logback-classic/1.2.11/4741689214e9d1e8408b206506cbe76d1c6a7d60/logback-classic-1.2.11.jar!/ch, file:/C:/Users/kiril/.gradle/caches/modules-2/files-2.1/ch.qos.logback/logback-core/1.2.11/a01230df5ca5c34540cdaa3ad5efb012f1f1f792/logback-core-1.2.11.jar!/ch, file:/C:/Users/kiril/.gradle/caches/modules-2/files-2.1/junit/junit/4.13.2/8ac9e16d933b6fb43bc7f576336b8f4d7eb5ba12/junit-4.13.2.jar!/junit, file:/C:/Users/kiril/.gradle/caches/modules-2/files-2.1/org.jetbrains.exposed/exposed-dao/0.37.3/92e17ebee9b72e8bcb4c7580b507c6912ce7df11/exposed-dao-0.37.3.jar!/org, file:/C:/Users/kiril/.gradle/caches/modules-2/files-2.1/org.jetbrains.exposed/exposed-jdbc/0.37.3/cecf1f47ce48560fd6cb4030fea3555f73fa0f93/exposed-jdbc-0.37.3.jar!/org, file:/C:/Users/kiril/.gradle/caches/modules-2/files-2.1/org.jetbrains.exposed/exposed-core/0.37.3/dba4c472bdfa97fa15998231c96e55c8a96f06a5/exposed-core-0.37.3.jar!/org, file:/C:/Users/kiril/.gradle/caches/modules-2/files-2.1/org.postgresql/postgresql/42.5.0/43751d7ec562aeabcb025844345e39c340d732ba/postgresql-42.5.0.jar!/org, file:/C:/Users/kiril/.gradle/caches/modules-2/files-2.1/org.slf4j/slf4j-api/1.7.36/6c62681a2f655b49963a5983b8b0950a6120ae14/slf4j-api-1.7.36.jar!/org, file:/C:/Users/kiril/.gradle/caches/modules-2/files-2.1/org.fusesource.jansi/jansi/2.4.0/321c614f85f1dea6bb08c1817c60d53b7f3552fd/jansi-2.4.0.jar!/org, file:/C:/Users/kiril/.gradle/caches/modules-2/files-2.1/org.eclipse.jetty.alpn/alpn-api/1.1.3.v20160715/a1bf3a937f91b4c953acd13e8c9552347adc2198/alpn-api-1.1.3.v20160715.jar!/org, file:/C:/Users/kiril/.gradle/caches/modules-2/files-2.1/org.checkerframework/checker-qual/3.5.0/2f50520c8abea66fbd8d26e481d3aef5c673b510/checker-qual-3.5.0.jar!/org, file:/C:/Users/kiril/.gradle/caches/modules-2/files-2.1/org.jetbrains/annotations/13.0/919f0dfe192fb4e063e7dacadee7f8bb9a2672a9/annotations-13.0.jar!/org, file:/C:/Users/kiril/.gradle/caches/modules-2/files-2.1/org.hamcrest/hamcrest-core/1.3/42a25dc3219429f0e5d060061f71acb49bf010a0/hamcrest-core-1.3.jar!/org, file:/C:/Users/kiril/.gradle/caches/modules-2/files-2.1/org.eclipse.jetty.http2/http2-http-client-transport/9.4.48.v20220622/753094fc5d944b5c000246244bb1269ef4eda70c/http2-http-client-transport-9.4.48.v20220622.jar!/org, file:/C:/Users/kiril/.gradle/caches/modules-2/files-2.1/org.eclipse.jetty.http2/http2-client/9.4.48.v20220622/92d50764a8ec042772cea815ced63212b3f8f8df/http2-client-9.4.48.v20220622.jar!/org, file:/C:/Users/kiril/.gradle/caches/modules-2/files-2.1/org.eclipse.jetty/jetty-client/9.4.48.v20220622/fc2e953a7030045e1ca467d57e200856a170848e/jetty-client-9.4.48.v20220622.jar!/org, file:/C:/Users/kiril/.gradle/caches/modules-2/files-2.1/org.eclipse.jetty.http2/http2-common/9.4.48.v20220622/d9dd860a7e9bb8227b137bd63c8630cbb6cac9cf/http2-common-9.4.48.v20220622.jar!/org, file:/C:/Users/kiril/.gradle/caches/modules-2/files-2.1/org.eclipse.jetty/jetty-alpn-openjdk8-client/9.4.48.v20220622/b043abf5bc5dc4e617231b84ed273072ff66d50f/jetty-alpn-openjdk8-client-9.4.48.v20220622.jar!/org, file:/C:/Users/kiril/.gradle/caches/modules-2/files-2.1/org.eclipse.jetty/jetty-alpn-java-client/9.4.48.v20220622/e82cb053fdbd274b7be469f408675428bb849dea/jetty-alpn-java-client-9.4.48.v20220622.jar!/org, file:/C:/Users/kiril/.gradle/caches/modules-2/files-2.1/org.eclipse.jetty/jetty-alpn-client/9.4.48.v20220622/b224008b51c94e9440367e2af67a0fcbbdae943b/jetty-alpn-client-9.4.48.v20220622.jar!/org, file:/C:/Users/kiril/.gradle/caches/modules-2/files-2.1/org.eclipse.jetty.http2/http2-hpack/9.4.48.v20220622/dab003d88e03d92cd0c94452297d476aa5e0c566/http2-hpack-9.4.48.v20220622.jar!/org, file:/C:/Users/kiril/.gradle/caches/modules-2/files-2.1/org.eclipse.jetty/jetty-http/9.4.48.v20220622/8cb235e70bda0c5e97a41e7ee0ea33ee7f5bcc6a/jetty-http-9.4.48.v20220622.jar!/org, file:/C:/Users/kiril/.gradle/caches/modules-2/files-2.1/org.eclipse.jetty/jetty-io/9.4.48.v20220622/b09b55209d0a304e542f779750a01f6914dc55e7/jetty-io-9.4.48.v20220622.jar!/org, file:/C:/Users/kiril/.gradle/caches/modules-2/files-2.1/org.eclipse.jetty/jetty-util/9.4.48.v20220622/7efc06f7ec0ff33d8c219bcc8c7415280c103669/jetty-util-9.4.48.v20220622.jar!/org, file:/C:/Users/kiril/.gradle/caches/modules-2/files-2.1/io.ktor/ktor-server-tests-jvm/2.1.1/5a35badaa28389a33789e84fc88be4c1d8035702/ktor-server-tests-jvm-2.1.1.jar!/io, file:/C:/Users/kiril/.gradle/caches/modules-2/files-2.1/io.ktor/ktor-server-jvm/2.1.1/2362ef29c0736343643100e32c5e34c8cd205747/ktor-server-jvm-2.1.1.jar!/io, file:/C:/Users/kiril/.gradle/caches/modules-2/files-2.1/io.ktor/ktor-server-content-negotiation-jvm/2.1.1/a2ad8dc0d32950cf6bc2134f1cbf0719b1220329/ktor-server-content-negotiation-jvm-2.1.1.jar!/io, file:/C:/Users/kiril/.gradle/caches/modules-2/files-2.1/io.ktor/ktor-server-netty-jvm/2.1.1/19b16c5d8a51bf9377c62cd53a8ef7ed716527ee/ktor-server-netty-jvm-2.1.1.jar!/io, file:/C:/Users/kiril/.gradle/caches/modules-2/files-2.1/io.ktor/ktor-server-test-host-jvm/2.1.1/9443dae3bb5f81839aa88b9f48a74120564f854d/ktor-server-test-host-jvm-2.1.1.jar!/io, file:/C:/Users/kiril/.gradle/caches/modules-2/files-2.1/io.ktor/ktor-server-host-common-jvm/2.1.1/77ccd91b5ecf398aca3265db84aa5f735b8b5750/ktor-server-host-common-jvm-2.1.1.jar!/io, file:/C:/Users/kiril/.gradle/caches/modules-2/files-2.1/io.ktor/ktor-server-sessions-jvm/2.1.1/136ada2a1d103fafdadd61fa0bc33c2bd30cb328/ktor-server-sessions-jvm-2.1.1.jar!/io, file:/C:/Users/kiril/.gradle/caches/modules-2/files-2.1/io.ktor/ktor-server-call-id-jvm/2.1.1/da6586398c0cfb15d180bb7b1bb561f963356fb9/ktor-server-call-id-jvm-2.1.1.jar!/io, file:/C:/Users/kiril/.gradle/caches/modules-2/files-2.1/io.ktor/ktor-server-call-logging-jvm/2.1.1/faf6e5de7d41a87e054a7ef82b8be6a77b800f7e/ktor-server-call-logging-jvm-2.1.1.jar!/io, file:/C:/Users/kiril/.gradle/caches/modules-2/files-2.1/io.ktor/ktor-server-default-headers-jvm/2.1.1/6d8b1aaae5aca131f99310e4247e9a3c23de73a5/ktor-server-default-headers-jvm-2.1.1.jar!/io, file:/C:/Users/kiril/.gradle/caches/modules-2/files-2.1/io.ktor/ktor-server-compression-jvm/2.1.1/a5a29b45194a3a667774f370033c6934698a371c/ktor-server-compression-jvm-2.1.1.jar!/io, file:/C:/Users/kiril/.gradle/caches/modules-2/files-2.1/io.ktor/ktor-server-auto-head-response-jvm/2.1.1/2010208c413b5524008c96f8670346a284f25bf/ktor-server-auto-head-response-jvm-2.1.1.jar!/io, file:/C:/Users/kiril/.gradle/caches/modules-2/files-2.1/io.ktor/ktor-server-caching-headers-jvm/2.1.1/f2b0d56387943ba51c006079d1147ebc4dec22f/ktor-server-caching-headers-jvm-2.1.1.jar!/io, file:/C:/Users/kiril/.gradle/caches/modules-2/files-2.1/io.ktor/ktor-server-partial-content-jvm/2.1.1/c168204bc29d1e2da5975dbbf9dc842113b49f09/ktor-server-partial-content-jvm-2.1.1.jar!/io, file:/C:/Users/kiril/.gradle/caches/modules-2/files-2.1/io.ktor/ktor-server-conditional-headers-jvm/2.1.1/78c360fb727aebc2827fe56ff1d6ef355ab8bed1/ktor-server-conditional-headers-jvm-2.1.1.jar!/io, file:/C:/Users/kiril/.gradle/caches/modules-2/files-2.1/io.ktor/ktor-server-cors-jvm/2.1.1/3ec0e0b0ef00b37ca187147982b0aabdb0e082ba/ktor-server-cors-jvm-2.1.1.jar!/io, file:/C:/Users/kiril/.gradle/caches/modules-2/files-2.1/io.ktor/ktor-server-data-conversion-jvm/2.1.1/3cf05a810e0e5fa9e0f0694b5f992a7d98ea101d/ktor-server-data-conversion-jvm-2.1.1.jar!/io, file:/C:/Users/kiril/.gradle/caches/modules-2/files-2.1/io.ktor/ktor-server-double-receive-jvm/2.1.1/1a09a7864dbb30294a144d556c2daa8feeede733/ktor-server-double-receive-jvm-2.1.1.jar!/io, file:/C:/Users/kiril/.gradle/caches/modules-2/files-2.1/io.ktor/ktor-server-forwarded-header-jvm/2.1.1/902e33299b86779b1e8d79e31f7aff969084ff39/ktor-server-forwarded-header-jvm-2.1.1.jar!/io, file:/C:/Users/kiril/.gradle/caches/modules-2/files-2.1/io.ktor/ktor-server-hsts-jvm/2.1.1/3d1a0c41f6f82f97c4fb84faf80de15aeadd5e65/ktor-server-hsts-jvm-2.1.1.jar!/io, file:/C:/Users/kiril/.gradle/caches/modules-2/files-2.1/io.ktor/ktor-server-http-redirect-jvm/2.1.1/b2da3524828ab4d3ebb4aadb7bae988ad80b7b47/ktor-server-http-redirect-jvm-2.1.1.jar!/io, file:/C:/Users/kiril/.gradle/caches/modules-2/files-2.1/io.ktor/ktor-server-status-pages-jvm/2.1.1/d089692aa1c757e18e102765e48534fb2f64a5db/ktor-server-status-pages-jvm-2.1.1.jar!/io, file:/C:/Users/kiril/.gradle/caches/modules-2/files-2.1/io.ktor/ktor-server-method-override-jvm/2.1.1/2824142d8c849dd0ed38e9382cf63fc50eaa70b2/ktor-server-method-override-jvm-2.1.1.jar!/io, file:/C:/Users/kiril/.gradle/caches/modules-2/files-2.1/io.ktor/ktor-server-websockets-jvm/2.1.1/7a8cd3d8b8d51d813894432058570af079d02d8d/ktor-server-websockets-jvm-2.1.1.jar!/io, file:/C:/Users/kiril/.gradle/caches/modules-2/files-2.1/io.ktor/ktor-server-core-jvm/2.1.1/728567826ec9c94f3fc43d60896944829ff3c912/ktor-server-core-jvm-2.1.1.jar!/io, file:/C:/Users/kiril/.gradle/caches/modules-2/files-2.1/io.ktor/ktor-client-content-negotiation-jvm/2.1.1/3b51cc19c75b08f21756aa66a8425a709c71b378/ktor-client-content-negotiation-jvm-2.1.1.jar!/io, file:/C:/Users/kiril/.gradle/caches/modules-2/files-2.1/io.ktor/ktor-serialization-kotlinx-json-jvm/2.1.1/55a078dbeb064ff0aa5b9a2134e4aca1b907cac9/ktor-serialization-kotlinx-json-jvm-2.1.1.jar!/io, file:/C:/Users/kiril/.gradle/caches/modules-2/files-2.1/io.ktor/ktor-serialization-kotlinx-jvm/2.1.1/6367f407768272a03155867cb5875af3b1aae83b/ktor-serialization-kotlinx-jvm-2.1.1.jar!/io, file:/C:/Users/kiril/.gradle/caches/modules-2/files-2.1/io.ktor/ktor-client-jetty-jvm/2.1.1/1616b34c5fe543e898a1b83de10496e91cbdaa3f/ktor-client-jetty-jvm-2.1.1.jar!/io, file:/C:/Users/kiril/.gradle/caches/modules-2/files-2.1/io.ktor/ktor-client-cio-jvm/2.1.1/2070c334b62bb81c6f8c55d80d8b83b1df13d03b/ktor-client-cio-jvm-2.1.1.jar!/io, file:/C:/Users/kiril/.gradle/caches/modules-2/files-2.1/io.ktor/ktor-client-core-jvm/2.1.1/fec01204c1a8e19e7d2c399a0cb97445d9062e33/ktor-client-core-jvm-2.1.1.jar!/io, file:/C:/Users/kiril/.gradle/caches/modules-2/files-2.1/io.ktor/ktor-websocket-serialization-jvm/2.1.1/d708acb27475f6024f0e7797f7f4e6af6cc89280/ktor-websocket-serialization-jvm-2.1.1.jar!/io, file:/C:/Users/kiril/.gradle/caches/modules-2/files-2.1/io.ktor/ktor-serialization-jvm/2.1.1/b9709e825d8dff8828fa3afbd46f7bc6fe86e014/ktor-serialization-jvm-2.1.1.jar!/io, file:/C:/Users/kiril/.gradle/caches/modules-2/files-2.1/io.ktor/ktor-events-jvm/2.1.1/f588413e5b9aaf496ee1be32ebabebf93c3f331f/ktor-events-jvm-2.1.1.jar!/io, file:/C:/Users/kiril/.gradle/caches/modules-2/files-2.1/io.ktor/ktor-websockets-jvm/2.1.1/3c692b0c87835456e9855e5cd60683fcaf7da561/ktor-websockets-jvm-2.1.1.jar!/io, file:/C:/Users/kiril/.gradle/caches/modules-2/files-2.1/io.ktor/ktor-http-cio-jvm/2.1.1/fe02b6c9f00d0f67c8bb25826637989213edf99c/ktor-http-cio-jvm-2.1.1.jar!/io, file:/C:/Users/kiril/.gradle/caches/modules-2/files-2.1/io.ktor/ktor-http-jvm/2.1.1/3560a078d76c28067b0733d3cc8e64eebba19cd3/ktor-http-jvm-2.1.1.jar!/io, file:/C:/Users/kiril/.gradle/caches/modules-2/files-2.1/io.ktor/ktor-network-tls-certificates-jvm/2.1.1/7159f36ae72b5d38dc97815447f4358ee320620a/ktor-network-tls-certificates-jvm-2.1.1.jar!/io, file:/C:/Users/kiril/.gradle/caches/modules-2/files-2.1/io.ktor/ktor-network-tls-jvm/2.1.1/646ab32bb5149fd551a1adbe242a278896d48314/ktor-network-tls-jvm-2.1.1.jar!/io, file:/C:/Users/kiril/.gradle/caches/modules-2/files-2.1/io.ktor/ktor-network-jvm/2.1.1/a88fc639732a4aa1021208185e8cad46bcea1f53/ktor-network-jvm-2.1.1.jar!/io, file:/C:/Users/kiril/.gradle/caches/modules-2/files-2.1/io.ktor/ktor-utils-jvm/2.1.1/8eed2761c4db1a052f2d081972ac7c2017545c54/ktor-utils-jvm-2.1.1.jar!/io, file:/C:/Users/kiril/.gradle/caches/modules-2/files-2.1/io.ktor/ktor-io-jvm/2.1.1/e8f7b6bfdd66b02f14c54491d576a6bbdbfa3ebb/ktor-io-jvm-2.1.1.jar!/io, file:/C:/Users/kiril/.gradle/caches/modules-2/files-2.1/io.ktor/ktor-test-dispatcher-jvm/2.1.1/240167e04a12a63dd13bdc96fcd0823a201eb948/ktor-test-dispatcher-jvm-2.1.1.jar!/io, file:/C:/Users/kiril/.gradle/caches/modules-2/files-2.1/io.netty/netty-codec-http2/4.1.78.Final/9a4e44bebe5979b59c9bf4cd879e65c4c52bf869/netty-codec-http2-4.1.78.Final.jar!/io, file:/C:/Users/kiril/.gradle/caches/modules-2/files-2.1/io.netty/netty-codec-http/4.1.78.Final/b636591e973418479f2d08e881b12be61845aa6f/netty-codec-http-4.1.78.Final.jar!/io, file:/C:/Users/kiril/.gradle/caches/modules-2/files-2.1/io.netty/netty-handler/4.1.78.Final/7e902b6018378bb700ec9364b1d0fba6eefd99fd/netty-handler-4.1.78.Final.jar!/io, file:/C:/Users/kiril/.gradle/caches/modules-2/files-2.1/io.netty/netty-codec/4.1.78.Final/e8486c8923fc0914df4562a8e0923462e885f88a/netty-codec-4.1.78.Final.jar!/io, file:/C:/Users/kiril/.gradle/caches/modules-2/files-2.1/io.netty/netty-transport-classes-kqueue/4.1.78.Final/5536de8030ef84507504b352e54c298b9db361c9/netty-transport-classes-kqueue-4.1.78.Final.jar!/io, file:/C:/Users/kiril/.gradle/caches/modules-2/files-2.1/io.netty/netty-transport-classes-epoll/4.1.78.Final/2151893a521c6362858071053fddbd270c1f20bd/netty-transport-classes-epoll-4.1.78.Final.jar!/io, file:/C:/Users/kiril/.gradle/caches/modules-2/files-2.1/io.netty/netty-transport-native-unix-common/4.1.78.Final/62c64e182a11e31ad80e68a94f0b02b45344df23/netty-transport-native-unix-common-4.1.78.Final.jar!/io, file:/C:/Users/kiril/.gradle/caches/modules-2/files-2.1/io.netty/netty-transport/4.1.78.Final/b1639d431e43622d6cbfdd45c30d3fb810fa9101/netty-transport-4.1.78.Final.jar!/io, file:/C:/Users/kiril/.gradle/caches/modules-2/files-2.1/io.netty/netty-buffer/4.1.78.Final/6c0c2d805a2c8ea30223677d8219235f9ec14c38/netty-buffer-4.1.78.Final.jar!/io, file:/C:/Users/kiril/.gradle/caches/modules-2/files-2.1/io.netty/netty-resolver/4.1.78.Final/691170d70a979757d50f60e16121ced5f411a9b8/netty-resolver-4.1.78.Final.jar!/io, file:/C:/Users/kiril/.gradle/caches/modules-2/files-2.1/io.netty/netty-common/4.1.78.Final/d6f560098050f88ba11750aa856edd955e4a7707/netty-common-4.1.78.Final.jar!/io, file:/C:/Users/kiril/.gradle/caches/modules-2/files-2.1/com.typesafe/config/1.4.2/4c40a633e7994cfb0354244efb6d03fcb11c3ecf/config-1.4.2.jar!/com, file:/C:/Users/kiril/.gradle/caches/modules-2/files-2.1/net.java.dev.jna/jna-platform/5.9.0/c535a5bda553d7d7690356c825010da74b2671b5/jna-platform-5.9.0.jar!/com, file:/C:/Users/kiril/.gradle/caches/modules-2/files-2.1/net.java.dev.jna/jna/5.9.0/8f503e6d9b500ceff299052d6be75b38c7257758/jna-5.9.0.jar!/com, file:/C:/Users/kiril/.gradle/caches/modules-2/files-2.1/org.jetbrains.kotlinx/kotlinx-coroutines-jdk8/1.6.4/5bc4b0bf6fd90fc190fd2f17e919c74c6274cb71/kotlinx-coroutines-jdk8-1.6.4.jar!/kotlinx, file:/C:/Users/kiril/.gradle/caches/modules-2/files-2.1/org.jetbrains.kotlinx/kotlinx-coroutines-slf4j/1.6.4/9369fcabacb66a55ca3b7939b72bb0b62af112ce/kotlinx-coroutines-slf4j-1.6.4.jar!/kotlinx, file:/C:/Users/kiril/.gradle/caches/modules-2/files-2.1/org.jetbrains.kotlinx/kotlinx-coroutines-core-jvm/1.6.4/2c997cd1c0ef33f3e751d3831929aeff1390cb30/kotlinx-coroutines-core-jvm-1.6.4.jar!/kotlinx, file:/C:/Users/kiril/.gradle/caches/modules-2/files-2.1/org.jetbrains.kotlinx/kotlinx-coroutines-debug/1.6.4/44285dd6fcec4bad505400d075f2783d18a46a11/kotlinx-coroutines-debug-1.6.4.jar!/kotlinx, file:/C:/Users/kiril/.gradle/caches/modules-2/files-2.1/org.jetbrains.kotlinx/kotlinx-serialization-json-jvm/1.3.3/6298c404c1159685fb657f15fa5b78630da58c96/kotlinx-serialization-json-jvm-1.3.3.jar!/kotlinx/, file:/C:/Users/kiril/.gradle/caches/modules-2/files-2.1/org.jetbrains.kotlinx/kotlinx-serialization-core-jvm/1.3.3/3c22103b5d8e3c262db19e85d90405ca78b49efd/kotlinx-serialization-core-jvm-1.3.3.jar!/kotlinx/, file:/C:/Users/kiril/.gradle/caches/modules-2/files-2.1/org.jetbrains.kotlin/kotlin-stdlib-jdk8/1.7.10/d70d7d2c56371f7aa18f32e984e3e2e998fe9081/kotlin-stdlib-jdk8-1.7.10.jar!/kotlin/, file:/C:/Users/kiril/.gradle/caches/modules-2/files-2.1/org.jetbrains.kotlin/kotlin-test-junit/1.7.10/27228b08adb999a47ae98ac03e98e1f3132f83ca/kotlin-test-junit-1.7.10.jar!/kotlin/, file:/C:/Users/kiril/.gradle/caches/modules-2/files-2.1/org.jetbrains.kotlin/kotlin-stdlib-jdk7/1.7.10/1ef73fee66f45d52c67e2aca12fd945dbe0659bf/kotlin-stdlib-jdk7-1.7.10.jar!/kotlin/, file:/C:/Users/kiril/.gradle/caches/modules-2/files-2.1/org.jetbrains.kotlin/kotlin-reflect/1.7.0/e660b0079fdaf744dc9cc7f6f3aa3c761ec839b0/kotlin-reflect-1.7.0.jar!/META-INF/versions/9/kotlin/, file:/C:/Users/kiril/.gradle/caches/modules-2/files-2.1/org.jetbrains.kotlin/kotlin-test/1.7.10/4d644a88cc0a386712d4b1c1b4ca748203421e07/kotlin-test-1.7.10.jar!/kotlin/, file:/C:/Users/kiril/.gradle/caches/modules-2/files-2.1/org.jetbrains.kotlin/kotlin-stdlib/1.7.10/d2abf9e77736acc4450dc4a3f707fa2c10f5099d/kotlin-stdlib-1.7.10.jar!/kotlin/, file:/C:/Users/kiril/.gradle/caches/modules-2/files-2.1/org.jetbrains.kotlin/kotlin-stdlib-common/1.7.10/bac80c520d0a9e3f3673bc2658c6ed02ef45a76a/kotlin-stdlib-common-1.7.10.jar!/kotlin, /D:/IDEA_PROJECTS/backend/grach-backend-cop/build/classes/kotlin/test/ru/grach, /D:/IDEA_PROJECTS/backend/grach-backend-cop/build/classes/kotlin/main/ru/grach, /D:/IDEA_PROJECTS/backend/grach-backend-cop/build/classes/kotlin/test/, /D:/IDEA_PROJECTS/backend/grach-backend-cop/build/classes/kotlin/main/, /D:/IDEA_PROJECTS/backend/grach-backend-cop/build/resources/main/, file:/C:/Users/kiril/.gradle/caches/modules-2/files-2.1/net.bytebuddy/byte-buddy/1.10.9/2c03f15cd1131692feca93f190ed81412a3de961/byte-buddy-1.10.9.jar!/META-INF/versions/9/, file:/C:/Users/kiril/.gradle/caches/modules-2/files-2.1/net.bytebuddy/byte-buddy-agent/1.10.9/cbbeffa557e6b1b4cbb181b0782436921c523699/byte-buddy-agent-1.10.9.jar!/META-INF/versions/9/]
2022-09-20 15:53:09.502 [DefaultDispatcher-worker-1 @call-context#2] INFO  ktor.test - No ktor.deployment.watch patterns match classpath entries, automatic reload is not active
2022-09-20 15:53:09.540 [DefaultDispatcher-worker-1 @call-context#2] INFO  ktor.test - Application started in 0.165 seconds.
]]></system-out>
  <system-err><![CDATA[]]></system-err>
</testsuite>
